<?xml version="1.0" encoding="UTF-8"?>
<!-- Generated by org.testng.reporters.JUnitReportReporter -->
<testsuite skipped="1" hostname="DESKTOP-V123S32" name="com.zoho.runner.CucumberProjectTestngRunnerTest" tests="3" failures="0" timestamp="07 May 2020 01:45:16 GMT" time="49.723" errors="0">
  <testcase name="runScenario" time="0.026" classname="com.zoho.runner.CucumberProjectTestngRunnerTest">
    <skipped/>
  </testcase> <!-- runScenario -->
  <testcase name="runScenario" time="19.071" classname="com.zoho.runner.CucumberProjectTestngRunnerTest"/>
  <testcase name="runScenario" time="30.626" classname="com.zoho.runner.CucumberProjectTestngRunnerTest"/>
</testsuite> <!-- com.zoho.runner.CucumberProjectTestngRunnerTest -->
