<?xml version="1.0" encoding="UTF-8"?>
<!-- Generated by org.testng.reporters.JUnitReportReporter -->
<testsuite skipped="1" hostname="DESKTOP-V123S32" name="com.zoho.runner.CucumberProjectTestngRunner" tests="1" failures="0" timestamp="06 May 2020 15:24:34 GMT" time="16.455" errors="0">
  <testcase name="runScenario" time="16.455" classname="com.zoho.runner.CucumberProjectTestngRunner">
    <skipped/>
  </testcase> <!-- runScenario -->
</testsuite> <!-- com.zoho.runner.CucumberProjectTestngRunner -->
